2026-02-04 21:41:09,081 - INFO - ===== DÉBUT MIGRATION =====
2026-02-04 21:45:17,562 - INFO - ===== DÉBUT MIGRATION =====
2026-02-04 21:45:17,584 - INFO - Connexion MongoDB OK
2026-02-04 21:45:17,974 - INFO - CSV chargé : 54897 lignes
2026-02-04 21:45:27,459 - INFO - Collection vidée
2026-02-04 21:45:27,513 - INFO - Insertion : 1000 / 54897
2026-02-04 21:45:27,559 - INFO - Insertion : 2000 / 54897
2026-02-04 21:45:27,630 - INFO - Insertion : 3000 / 54897
2026-02-04 21:45:27,687 - INFO - Insertion : 4000 / 54897
2026-02-04 21:45:27,721 - INFO - Insertion : 5000 / 54897
2026-02-04 21:45:27,755 - INFO - Insertion : 6000 / 54897
2026-02-04 21:45:27,801 - INFO - Insertion : 7000 / 54897
2026-02-04 21:45:27,858 - INFO - Insertion : 8000 / 54897
2026-02-04 21:45:27,911 - INFO - Insertion : 9000 / 54897
2026-02-04 21:45:27,958 - INFO - Insertion : 10000 / 54897
2026-02-04 21:45:28,006 - INFO - Insertion : 11000 / 54897
2026-02-04 21:45:28,053 - INFO - Insertion : 12000 / 54897
2026-02-04 21:45:28,100 - INFO - Insertion : 13000 / 54897
2026-02-04 21:45:28,167 - INFO - Insertion : 14000 / 54897
2026-02-04 21:45:28,218 - INFO - Insertion : 15000 / 54897
2026-02-04 21:45:28,272 - INFO - Insertion : 16000 / 54897
2026-02-04 21:45:28,326 - INFO - Insertion : 17000 / 54897
2026-02-04 21:45:28,379 - INFO - Insertion : 18000 / 54897
2026-02-04 21:45:28,430 - INFO - Insertion : 19000 / 54897
2026-02-04 21:45:28,476 - INFO - Insertion : 20000 / 54897
2026-02-04 21:45:28,605 - INFO - Insertion : 21000 / 54897
2026-02-04 21:45:28,657 - INFO - Insertion : 22000 / 54897
2026-02-04 21:45:28,707 - INFO - Insertion : 23000 / 54897
2026-02-04 21:45:28,759 - INFO - Insertion : 24000 / 54897
2026-02-04 21:45:28,812 - INFO - Insertion : 25000 / 54897
2026-02-04 21:45:28,861 - INFO - Insertion : 26000 / 54897
2026-02-04 21:45:28,917 - INFO - Insertion : 27000 / 54897
2026-02-04 21:45:28,968 - INFO - Insertion : 28000 / 54897
2026-02-04 21:45:29,021 - INFO - Insertion : 29000 / 54897
2026-02-04 21:45:29,069 - INFO - Insertion : 30000 / 54897
2026-02-04 21:45:29,115 - INFO - Insertion : 31000 / 54897
2026-02-04 21:45:29,165 - INFO - Insertion : 32000 / 54897
2026-02-04 21:45:29,221 - INFO - Insertion : 33000 / 54897
2026-02-04 21:45:29,261 - INFO - Insertion : 34000 / 54897
2026-02-04 21:45:29,313 - INFO - Insertion : 35000 / 54897
2026-02-04 21:45:29,363 - INFO - Insertion : 36000 / 54897
2026-02-04 21:45:29,413 - INFO - Insertion : 37000 / 54897
2026-02-04 21:45:29,462 - INFO - Insertion : 38000 / 54897
2026-02-04 21:45:29,509 - INFO - Insertion : 39000 / 54897
2026-02-04 21:45:29,557 - INFO - Insertion : 40000 / 54897
2026-02-04 21:45:29,604 - INFO - Insertion : 41000 / 54897
2026-02-04 21:45:29,652 - INFO - Insertion : 42000 / 54897
2026-02-04 21:45:29,713 - INFO - Insertion : 43000 / 54897
2026-02-04 21:45:29,764 - INFO - Insertion : 44000 / 54897
2026-02-04 21:45:29,813 - INFO - Insertion : 45000 / 54897
2026-02-04 21:45:29,873 - INFO - Insertion : 46000 / 54897
2026-02-04 21:45:29,928 - INFO - Insertion : 47000 / 54897
2026-02-04 21:45:29,967 - INFO - Insertion : 48000 / 54897
2026-02-04 21:45:30,011 - INFO - Insertion : 49000 / 54897
2026-02-04 21:45:30,064 - INFO - Insertion : 50000 / 54897
2026-02-04 21:45:30,130 - INFO - Insertion : 51000 / 54897
2026-02-04 21:45:30,191 - INFO - Insertion : 52000 / 54897
2026-02-04 21:45:30,249 - INFO - Insertion : 53000 / 54897
2026-02-04 21:45:30,297 - INFO - Insertion : 54000 / 54897
2026-02-04 21:45:30,339 - INFO - Insertion : 54897 / 54897
2026-02-04 21:45:30,340 - INFO - Migration terminée
